==25735== Memcheck, a memory error detector
==25735== Copyright (C) 2002-2015, and GNU GPL'd, by Julian Seward et al.
==25735== Using Valgrind-3.11.0 and LibVEX; rerun with -h for copyright info
==25735== Command: ./lab
==25735== Parent PID: 4191
==25735== 
--25735-- 
--25735-- Valgrind options:
--25735--    -v
--25735--    --tool=memcheck
--25735--    --leak-check=full
--25735--    --num-callers=40
--25735--    --log-file=valgrind.log
--25735-- Contents of /proc/version:
--25735--   Linux version 4.4.0-31-generic (buildd@lgw01-16) (gcc version 5.3.1 20160413 (Ubuntu 5.3.1-14ubuntu2.1) ) #50-Ubuntu SMP Wed Jul 13 00:07:12 UTC 2016
--25735-- 
--25735-- Arch and hwcaps: AMD64, LittleEndian, amd64-cx16-rdtscp-sse3-avx
--25735-- Page sizes: currently 4096, max supported 4096
--25735-- Valgrind library directory: /usr/lib/valgrind
--25735-- Reading syms from /home/rodrigo/Documents/UNICAMP/GUAXINIM/CompetitiveProgramming/Exercises/Data struct/11858/lab
--25735-- Reading syms from /lib/x86_64-linux-gnu/ld-2.23.so
--25735--   Considering /lib/x86_64-linux-gnu/ld-2.23.so ..
--25735--   .. CRC mismatch (computed d3da0723 wanted a1c29704)
--25735--   Considering /usr/lib/debug/lib/x86_64-linux-gnu/ld-2.23.so ..
--25735--   .. CRC is valid
--25735-- Reading syms from /usr/lib/valgrind/memcheck-amd64-linux
--25735--   Considering /usr/lib/valgrind/memcheck-amd64-linux ..
--25735--   .. CRC mismatch (computed 5529a2c7 wanted 5bd23904)
--25735--    object doesn't have a symbol table
--25735--    object doesn't have a dynamic symbol table
--25735-- Scheduler: using generic scheduler lock implementation.
--25735-- Reading suppressions file: /usr/lib/valgrind/default.supp
==25735== embedded gdbserver: reading from /tmp/vgdb-pipe-from-vgdb-to-25735-by-rodrigo-on-???
==25735== embedded gdbserver: writing to   /tmp/vgdb-pipe-to-vgdb-from-25735-by-rodrigo-on-???
==25735== embedded gdbserver: shared mem   /tmp/vgdb-pipe-shared-mem-vgdb-25735-by-rodrigo-on-???
==25735== 
==25735== TO CONTROL THIS PROCESS USING vgdb (which you probably
==25735== don't want to do, unless you know exactly what you're doing,
==25735== or are doing some strange experiment):
==25735==   /usr/lib/valgrind/../../bin/vgdb --pid=25735 ...command...
==25735== 
==25735== TO DEBUG THIS PROCESS USING GDB: start GDB like this
==25735==   /path/to/gdb ./lab
==25735== and then give GDB the following command
==25735==   target remote | /usr/lib/valgrind/../../bin/vgdb --pid=25735
==25735== --pid is optional if only one valgrind process is running
==25735== 
--25735-- REDIR: 0x401cdc0 (ld-linux-x86-64.so.2:strlen) redirected to 0x3809e181 (???)
--25735-- Reading syms from /usr/lib/valgrind/vgpreload_core-amd64-linux.so
--25735--   Considering /usr/lib/valgrind/vgpreload_core-amd64-linux.so ..
--25735--   .. CRC mismatch (computed a30c8eaa wanted 7ae2fed4)
--25735--    object doesn't have a symbol table
--25735-- Reading syms from /usr/lib/valgrind/vgpreload_memcheck-amd64-linux.so
--25735--   Considering /usr/lib/valgrind/vgpreload_memcheck-amd64-linux.so ..
--25735--   .. CRC mismatch (computed 402c2ab5 wanted 745f25ae)
--25735--    object doesn't have a symbol table
==25735== WARNING: new redirection conflicts with existing -- ignoring it
--25735--     old: 0x0401cdc0 (strlen              ) R-> (0000.0) 0x3809e181 ???
--25735--     new: 0x0401cdc0 (strlen              ) R-> (2007.0) 0x04c31020 strlen
--25735-- REDIR: 0x401b710 (ld-linux-x86-64.so.2:index) redirected to 0x4c30bc0 (index)
--25735-- REDIR: 0x401b930 (ld-linux-x86-64.so.2:strcmp) redirected to 0x4c320d0 (strcmp)
--25735-- REDIR: 0x401db20 (ld-linux-x86-64.so.2:mempcpy) redirected to 0x4c35270 (mempcpy)
--25735-- Reading syms from /usr/lib/x86_64-linux-gnu/libstdc++.so.6.0.21
--25735--   Considering /usr/lib/x86_64-linux-gnu/libstdc++.so.6.0.21 ..
--25735--   .. CRC mismatch (computed 6d893738 wanted d420bd97)
--25735--    object doesn't have a symbol table
--25735-- Reading syms from /lib/x86_64-linux-gnu/libgcc_s.so.1
--25735--   Considering /lib/x86_64-linux-gnu/libgcc_s.so.1 ..
--25735--   .. CRC mismatch (computed b9a68419 wanted 29d51b00)
--25735--    object doesn't have a symbol table
--25735-- Reading syms from /lib/x86_64-linux-gnu/libc-2.23.so
--25735--   Considering /lib/x86_64-linux-gnu/libc-2.23.so ..
--25735--   .. CRC mismatch (computed 2adb2e50 wanted 9b73f606)
--25735--   Considering /usr/lib/debug/lib/x86_64-linux-gnu/libc-2.23.so ..
--25735--   .. CRC is valid
--25735-- Reading syms from /lib/x86_64-linux-gnu/libm-2.23.so
--25735--   Considering /lib/x86_64-linux-gnu/libm-2.23.so ..
--25735--   .. CRC mismatch (computed f7791cb7 wanted 92acf4be)
--25735--   Considering /usr/lib/debug/lib/x86_64-linux-gnu/libm-2.23.so ..
--25735--   .. CRC is valid
--25735-- REDIR: 0x5460fd0 (libc.so.6:strcasecmp) redirected to 0x4a286f0 (_vgnU_ifunc_wrapper)
--25735-- REDIR: 0x545c850 (libc.so.6:strcspn) redirected to 0x4a286f0 (_vgnU_ifunc_wrapper)
--25735-- REDIR: 0x54632c0 (libc.so.6:strncasecmp) redirected to 0x4a286f0 (_vgnU_ifunc_wrapper)
--25735-- REDIR: 0x545ecc0 (libc.so.6:strpbrk) redirected to 0x4a286f0 (_vgnU_ifunc_wrapper)
--25735-- REDIR: 0x545f050 (libc.so.6:strspn) redirected to 0x4a286f0 (_vgnU_ifunc_wrapper)
--25735-- REDIR: 0x546071b (libc.so.6:memcpy@GLIBC_2.2.5) redirected to 0x4a286f0 (_vgnU_ifunc_wrapper)
--25735-- REDIR: 0x545e9d0 (libc.so.6:rindex) redirected to 0x4c308a0 (rindex)
--25735-- REDIR: 0x5455550 (libc.so.6:malloc) redirected to 0x4c2db20 (malloc)
--25735-- REDIR: 0x545ccf0 (libc.so.6:strlen) redirected to 0x4c30f60 (strlen)
--25735-- REDIR: 0x54601c0 (libc.so.6:__GI_memcmp) redirected to 0x4c33b90 (__GI_memcmp)
--25735-- REDIR: 0x545b2a0 (libc.so.6:strcmp) redirected to 0x4a286f0 (_vgnU_ifunc_wrapper)
--25735-- REDIR: 0x5470b40 (libc.so.6:__strcmp_sse2_unaligned) redirected to 0x4c31f90 (strcmp)
--25735-- REDIR: 0x4ec7e60 (libstdc++.so.6:operator new(unsigned long)) redirected to 0x4c2e080 (operator new(unsigned long))
--25735-- REDIR: 0x5460180 (libc.so.6:bcmp) redirected to 0x4a286f0 (_vgnU_ifunc_wrapper)
--25735-- REDIR: 0x553fc60 (libc.so.6:__memcmp_sse4_1) redirected to 0x4c33cd0 (__memcmp_sse4_1)
--25735-- REDIR: 0x4ec5f10 (libstdc++.so.6:operator delete(void*)) redirected to 0x4c2f1e0 (operator delete(void*))
--25735-- REDIR: 0x5460980 (libc.so.6:__GI_mempcpy) redirected to 0x4c34fa0 (__GI_mempcpy)
--25735-- REDIR: 0x5455a70 (libc.so.6:free) redirected to 0x4c2ed80 (free)
==25735== 
==25735== HEAP SUMMARY:
==25735==     in use at exit: 72,704 bytes in 1 blocks
==25735==   total heap usage: 20,256 allocs, 20,255 frees, 566,968 bytes allocated
==25735== 
==25735== Searching for pointers to 1 not-freed blocks
==25735== Checked 116,080 bytes
==25735== 
==25735== LEAK SUMMARY:
==25735==    definitely lost: 0 bytes in 0 blocks
==25735==    indirectly lost: 0 bytes in 0 blocks
==25735==      possibly lost: 0 bytes in 0 blocks
==25735==    still reachable: 72,704 bytes in 1 blocks
==25735==         suppressed: 0 bytes in 0 blocks
==25735== Reachable blocks (those to which a pointer was found) are not shown.
==25735== To see them, rerun with: --leak-check=full --show-leak-kinds=all
==25735== 
==25735== ERROR SUMMARY: 0 errors from 0 contexts (suppressed: 0 from 0)
==25735== ERROR SUMMARY: 0 errors from 0 contexts (suppressed: 0 from 0)
